<?xml version="1.0" encoding="UTF-8"?>
<testsuite xmlns:xsi="http://www.w3.org/2001/XMLSchema-instance" xsi:noNamespaceSchemaLocation="https://maven.apache.org/surefire/maven-surefire-plugin/xsd/surefire-test-report-3.0.xsd" version="3.0" name="com.nt.DockerSpringbootWebappApplicationTests" time="6.077" tests="1" errors="0" skipped="0" failures="0">
  <properties>
[...]
</properties>
  <testcase name="contextLoads" classname="com.nt.DockerSpringbootWebappApplicationTests" time="1.741">
    <system-out><![CDATA[21:12:53.132 [main] INFO org.springframework.test.context.support.AnnotationConfigContextLoaderUtils -- Could not detect default configuration classes for test class [com.nt.DockerSpringbootWebappApplicationTests]: DockerSpringbootWebappApplicationTests does not declare any static, non-private, non-final, nested classes annotated with @Configuration.
21:12:53.377 [main] INFO org.springframework.boot.test.context.SpringBootTestContextBootstrapper -- Found @SpringBootConfiguration com.nt.DockerSpringbootWebappApplication for test class com.nt.DockerSpringbootWebappApplicationTests

  .   ____          _            __ _ _
 /\\ / ___'_ __ _ _(_)_ __  __ _ \ \ \ \
( ( )\___ | '_ | '_| | '_ \/ _` | \ \ \ \
 \\/  ___)| |_)| | | | | || (_| |  ) ) ) )
  '  |____| .__|_| |_|_| |_\__, | / / / /
 =========|_|==============|___/=/_/_/_/

 :: Spring Boot ::                (v3.3.2)

2024-07-24T21:12:54.325+05:30  INFO 1788 --- [           main] n.DockerSpringbootWebappApplicationTests : Starting DockerSpringbootWebappApplicationTests using Java 17.0.8.1 with PID 1788 (started by admin in C:\Users\admin\Desktop\JRTP-Workspace\docker-springboot-webapp)
2024-07-24T21:12:54.328+05:30  INFO 1788 --- [           main] n.DockerSpringbootWebappApplicationTests : No active profile set, falling back to 1 default profile: "default"
2024-07-24T21:12:57.062+05:30  INFO 1788 --- [           main] n.DockerSpringbootWebappApplicationTests : Started DockerSpringbootWebappApplicationTests in 3.323 seconds (process running for 5.987)
]]></system-out>
  </testcase>
</testsuite>